<?xml version="1.0" encoding="UTF-8"?>
<testsuite xmlns:xsi="http://www.w3.org/2001/XMLSchema-instance" xsi:noNamespaceSchemaLocation="https://maven.apache.org/surefire/maven-surefire-plugin/xsd/surefire-test-report-3.0.xsd" version="3.0" name="unittest" time="20.77" tests="1" errors="1" skipped="0" failures="0">
  <properties>
[...]
</properties>
  <testcase name="testLoginPage" classname="unittest" time="20.636">
    <error message="Timed out waiting for driver server to start.&#10;Build info: version: &apos;3.141.59&apos;, revision: &apos;e82be7d358&apos;, time: &apos;2018-11-14T08:17:03&apos;&#10;System info: host: &apos;Alis-MacBook-Air.local&apos;, ip: &apos;fe80:0:0:0:8a7:919e:fac6:e14c%en0&apos;, os.name: &apos;Mac OS X&apos;, os.arch: &apos;x86_64&apos;, os.version: &apos;10.15.7&apos;, java.version: &apos;11.0.15&apos;&#10;Driver info: driver.version: ChromeDriver" type="org.openqa.selenium.WebDriverException"><![CDATA[org.openqa.selenium.WebDriverException: 
Timed out waiting for driver server to start.
Build info: version: '3.141.59', revision: 'e82be7d358', time: '2018-11-14T08:17:03'
System info: host: 'Alis-MacBook-Air.local', ip: 'fe80:0:0:0:8a7:919e:fac6:e14c%en0', os.name: 'Mac OS X', os.arch: 'x86_64', os.version: '10.15.7', java.version: '11.0.15'
Driver info: driver.version: ChromeDriver
	at unittest.testLoginPage(unittest.java:14)
Caused by: org.openqa.selenium.net.UrlChecker$TimeoutException: Timed out waiting for [http://localhost:8665/status] to be available after 20008 ms
	at unittest.testLoginPage(unittest.java:14)
Caused by: java.util.concurrent.TimeoutException
	at unittest.testLoginPage(unittest.java:14)
]]></error>
    <system-err><![CDATA[Nov 24, 2023 9:02:45 PM org.openqa.selenium.os.OsProcess checkForError
SEVERE: org.apache.commons.exec.ExecuteException: Process exited with an error: 137 (Exit value: 137)
]]></system-err>
  </testcase>
</testsuite>